ERROR - C:\Users\Brian\Box Sync\SeniorDesign\CAD\Current Senior Design CAD\drw_opts.dtl, linenum 1 :  Keyword 'DRAWING_TEXT_HEIGHT' is not valid.
ERROR - C:\Users\Brian\Box Sync\SeniorDesign\CAD\Current Senior Design CAD\drw_opts.dtl, linenum 2 :  Keyword 'TEXT_THICKNESS' is not valid.
ERROR - C:\Users\Brian\Box Sync\SeniorDesign\CAD\Current Senior Design CAD\drw_opts.dtl, linenum 3 :  Keyword 'TEXT_WIDTH_FACTOR' is not valid.
ERROR - C:\Users\Brian\Box Sync\SeniorDesign\CAD\Current Senior Design CAD\drw_opts.dtl, linenum 4 :  Keyword 'AUX_VIEW_NOTE_FORMAT' is not valid.
ERROR - C:\Users\Brian\Box Sync\SeniorDesign\CAD\Current Senior Design CAD\drw_opts.dtl, linenum 5 :  Keyword 'BROKEN_VIEW_OFFSET' is not valid.
ERROR - C:\Users\Brian\Box Sync\SeniorDesign\CAD\Current Senior Design CAD\drw_opts.dtl, linenum 6 :  Keyword 'CREATE_AREA_UNFOLD_SEGMENTED' is not valid.
ERROR - C:\Users\Brian\Box Sync\SeniorDesign\CAD\Current Senior Design CAD\drw_opts.dtl, linenum 7 :  Keyword 'DEF_VIEW_TEXT_HEIGHT' is not valid.
ERROR - C:\Users\Brian\Box Sync\SeniorDesign\CAD\Current Senior Design CAD\drw_opts.dtl, linenum 8 :  Keyword 'DEF_VIEW_TEXT_THICKNESS' is not valid.
ERROR - C:\Users\Brian\Box Sync\SeniorDesign\CAD\Current Senior Design CAD\drw_opts.dtl, linenum 9 :  Keyword 'DEFAULT_VIEW_LABEL_PLACEMENT' is not valid.
ERROR - C:\Users\Brian\Box Sync\SeniorDesign\CAD\Current Senior Design CAD\drw_opts.dtl, linenum 10:  Keyword 'DETAIL_CIRCLE_LINE_STYLE' is not valid.
ERROR - C:\Users\Brian\Box Sync\SeniorDesign\CAD\Current Senior Design CAD\drw_opts.dtl, linenum 11:  Keyword 'DETAIL_CIRCLE_NOTE_TEXT' is not valid.
ERROR - C:\Users\Brian\Box Sync\SeniorDesign\CAD\Current Senior Design CAD\drw_opts.dtl, linenum 12:  Keyword 'DETAIL_VIEW_BOUNDARY_TYPE' is not valid.
ERROR - C:\Users\Brian\Box Sync\SeniorDesign\CAD\Current Senior Design CAD\drw_opts.dtl, linenum 13:  Keyword 'DETAIL_VIEW_CIRCLE' is not valid.
ERROR - C:\Users\Brian\Box Sync\SeniorDesign\CAD\Current Senior Design CAD\drw_opts.dtl, linenum 14:  Keyword 'DETAIL_VIEW_SCALE_FACTOR' is not valid.
ERROR - C:\Users\Brian\Box Sync\SeniorDesign\CAD\Current Senior Design CAD\drw_opts.dtl, linenum 15:  Keyword 'HALF_VIEW_LINE' is not valid.
ERROR - C:\Users\Brian\Box Sync\SeniorDesign\CAD\Current Senior Design CAD\drw_opts.dtl, linenum 16:  Keyword 'MODEL_DISPLAY_FOR_NEW_VIEWS' is not valid.
ERROR - C:\Users\Brian\Box Sync\SeniorDesign\CAD\Current Senior Design CAD\drw_opts.dtl, linenum 17:  Keyword 'PROJECTION_TYPE' is not valid.
ERROR - C:\Users\Brian\Box Sync\SeniorDesign\CAD\Current Senior Design CAD\drw_opts.dtl, linenum 18:  Keyword 'SHOW_TOTAL_UNFOLD_SEAM' is not valid.
ERROR - C:\Users\Brian\Box Sync\SeniorDesign\CAD\Current Senior Design CAD\drw_opts.dtl, linenum 19:  Keyword 'TAN_EDGE_DISPLAY_FOR_NEW_VIEWS' is not valid.
ERROR - C:\Users\Brian\Box Sync\SeniorDesign\CAD\Current Senior Design CAD\drw_opts.dtl, linenum 20:  Keyword 'VIEW_NOTE' is not valid.
ERROR - C:\Users\Brian\Box Sync\SeniorDesign\CAD\Current Senior Design CAD\drw_opts.dtl, linenum 21:  Keyword 'VIEW_SCALE_DENOMINATOR' is not valid.
ERROR - C:\Users\Brian\Box Sync\SeniorDesign\CAD\Current Senior Design CAD\drw_opts.dtl, linenum 22:  Keyword 'VIEW_SCALE_FORMAT' is not valid.
ERROR - C:\Users\Brian\Box Sync\SeniorDesign\CAD\Current Senior Design CAD\drw_opts.dtl, linenum 23:  Keyword 'CROSSEC_ARROW_LENGTH' is not valid.
ERROR - C:\Users\Brian\Box Sync\SeniorDesign\CAD\Current Senior Design CAD\drw_opts.dtl, linenum 24:  Keyword 'CROSSEC_ARROW_STYLE' is not valid.
ERROR - C:\Users\Brian\Box Sync\SeniorDesign\CAD\Current Senior Design CAD\drw_opts.dtl, linenum 25:  Keyword 'CROSSEC_ARROW_WIDTH' is not valid.
ERROR - C:\Users\Brian\Box Sync\SeniorDesign\CAD\Current Senior Design CAD\drw_opts.dtl, linenum 26:  Keyword 'CROSSEC_TEXT_PLACE' is not valid.
ERROR - C:\Users\Brian\Box Sync\SeniorDesign\CAD\Current Senior Design CAD\drw_opts.dtl, linenum 27:  Keyword 'CROSSEC_TYPE' is not valid.
ERROR - C:\Users\Brian\Box Sync\SeniorDesign\CAD\Current Senior Design CAD\drw_opts.dtl, linenum 28:  Keyword 'CUTTING_LINE' is not valid.
ERROR - C:\Users\Brian\Box Sync\SeniorDesign\CAD\Current Senior Design CAD\drw_opts.dtl, linenum 29:  Keyword 'CUTTING_LINE_ADAPT' is not valid.
ERROR - C:\Users\Brian\Box Sync\SeniorDesign\CAD\Current Senior Design CAD\drw_opts.dtl, linenum 30:  Keyword 'CUTTING_LINE_SEGMENT' is not valid.
ERROR - C:\Users\Brian\Box Sync\SeniorDesign\CAD\Current Senior Design CAD\drw_opts.dtl, linenum 31:  Keyword 'CUTTING_LINE_SEGMENT_THICKNESS' is not valid.
ERROR - C:\Users\Brian\Box Sync\SeniorDesign\CAD\Current Senior Design CAD\drw_opts.dtl, linenum 32:  Keyword 'DEF_XHATCH_BREAK_AROUND_TEXT' is not valid.
ERROR - C:\Users\Brian\Box Sync\SeniorDesign\CAD\Current Senior Design CAD\drw_opts.dtl, linenum 33:  Keyword 'DEF_XHATCH_BREAK_MARGIN_SIZE' is not valid.
ERROR - C:\Users\Brian\Box Sync\SeniorDesign\CAD\Current Senior Design CAD\drw_opts.dtl, linenum 34:  Keyword 'DEFAULT_SHOW_2D_SECTION_XHATCH' is not valid.
ERROR - C:\Users\Brian\Box Sync\SeniorDesign\CAD\Current Senior Design CAD\drw_opts.dtl, linenum 35:  Keyword 'DEFAULT_SHOW_3D_SECTION_XHATCH' is not valid.
ERROR - C:\Users\Brian\Box Sync\SeniorDesign\CAD\Current Senior Design CAD\drw_opts.dtl, linenum 36:  Keyword 'DRAW_COSMS_IN_AREA_XSEC' is not valid.
ERROR - C:\Users\Brian\Box Sync\SeniorDesign\CAD\Current Senior Design CAD\drw_opts.dtl, linenum 37:  Keyword 'HALF_SECTION_LINE' is not valid.
ERROR - C:\Users\Brian\Box Sync\SeniorDesign\CAD\Current Senior Design CAD\drw_opts.dtl, linenum 38:  Keyword 'REMOVE_COSMS_FROM_XSECS' is not valid.
ERROR - C:\Users\Brian\Box Sync\SeniorDesign\CAD\Current Senior Design CAD\drw_opts.dtl, linenum 39:  Keyword 'SHOW_QUILTS_IN_TOTAL_XSECS' is not valid.
ERROR - C:\Users\Brian\Box Sync\SeniorDesign\CAD\Current Senior Design CAD\drw_opts.dtl, linenum 40:  Keyword 'DATUM_POINT_SHAPE' is not valid.
ERROR - C:\Users\Brian\Box Sync\SeniorDesign\CAD\Current Senior Design CAD\drw_opts.dtl, linenum 41:  Keyword 'DATUM_POINT_SIZE' is not valid.
ERROR - C:\Users\Brian\Box Sync\SeniorDesign\CAD\Current Senior Design CAD\drw_opts.dtl, linenum 42:  Keyword 'HIDDEN_TANGENT_EDGES' is not valid.
ERROR - C:\Users\Brian\Box Sync\SeniorDesign\CAD\Current Senior Design CAD\drw_opts.dtl, linenum 43:  Keyword 'HLR_FOR_DATUM_CURVES' is not valid.
ERROR - C:\Users\Brian\Box Sync\SeniorDesign\CAD\Current Senior Design CAD\drw_opts.dtl, linenum 44:  Keyword 'HLR_FOR_PIPE_SOLID_CL' is not valid.
ERROR - C:\Users\Brian\Box Sync\SeniorDesign\CAD\Current Senior Design CAD\drw_opts.dtl, linenum 45:  Keyword 'HLR_FOR_THREADS' is not valid.
ERROR - C:\Users\Brian\Box Sync\SeniorDesign\CAD\Current Senior Design CAD\drw_opts.dtl, linenum 46:  Keyword 'LOCATION_RADIUS' is not valid.
ERROR - C:\Users\Brian\Box Sync\SeniorDesign\CAD\Current Senior Design CAD\drw_opts.dtl, linenum 47:  Keyword 'MESH_SURFACE_LINES' is not valid.
ERROR - C:\Users\Brian\Box Sync\SeniorDesign\CAD\Current Senior Design CAD\drw_opts.dtl, linenum 48:  Keyword 'PIPE_INSULATION_SOLID_XSEC' is not valid.
ERROR - C:\Users\Brian\Box Sync\SeniorDesign\CAD\Current Senior Design CAD\drw_opts.dtl, linenum 50:  Keyword 'SHOW_SYM_OF_SUPPRESSED_WELD' is not valid.
ERROR - C:\Users\Brian\Box Sync\SeniorDesign\CAD\Current Senior Design CAD\drw_opts.dtl, linenum 51:  Keyword 'THREAD_STANDARD' is not valid.
ERROR - C:\Users\Brian\Box Sync\SeniorDesign\CAD\Current Senior Design CAD\drw_opts.dtl, linenum 52:  Keyword 'WELD_LIGHT_XSEC' is not valid.
ERROR - C:\Users\Brian\Box Sync\SeniorDesign\CAD\Current Senior Design CAD\drw_opts.dtl, linenum 53:  Keyword 'WELD_SOLID_XSEC' is not valid.
ERROR - C:\Users\Brian\Box Sync\SeniorDesign\CAD\Current Senior Design CAD\drw_opts.dtl, linenum 54:  Keyword 'ALLOW_3D_DIMENSIONS' is not valid.
ERROR - C:\Users\Brian\Box Sync\SeniorDesign\CAD\Current Senior Design CAD\drw_opts.dtl, linenum 55:  Keyword 'ANGDIM_TEXT_ORIENTATION' is not valid.
ERROR - C:\Users\Brian\Box Sync\SeniorDesign\CAD\Current Senior Design CAD\drw_opts.dtl, linenum 56:  Keyword 'ASSOCIATIVE_DIMENSIONING' is not valid.
ERROR - C:\Users\Brian\Box Sync\SeniorDesign\CAD\Current Senior Design CAD\drw_opts.dtl, linenum 57:  Keyword 'CHAMFER_45DEG_LEADER_STYLE' is not valid.
ERROR - C:\Users\Brian\Box Sync\SeniorDesign\CAD\Current Senior Design CAD\drw_opts.dtl, linenum 58:  Keyword 'CHAMFER_45DEG_DIM_TEXT' is not valid.
ERROR - C:\Users\Brian\Box Sync\SeniorDesign\CAD\Current Senior Design CAD\drw_opts.dtl, linenum 59:  Keyword 'CLIP_DIAM_DIMENSIONS' is not valid.
ERROR - C:\Users\Brian\Box Sync\SeniorDesign\CAD\Current Senior Design CAD\drw_opts.dtl, linenum 60:  Keyword 'CLIP_DIMENSIONS' is not valid.
ERROR - C:\Users\Brian\Box Sync\SeniorDesign\CAD\Current Senior Design CAD\drw_opts.dtl, linenum 61:  Keyword 'CLIP_DIM_ARROW_STYLE' is not valid.
ERROR - C:\Users\Brian\Box Sync\SeniorDesign\CAD\Current Senior Design CAD\drw_opts.dtl, linenum 62:  Keyword 'DEFAULT_DIM_ELBOWS' is not valid.
ERROR - C:\Users\Brian\Box Sync\SeniorDesign\CAD\Current Senior Design CAD\drw_opts.dtl, linenum 63:  Keyword 'DEFAULT_Z_RADIUS_CENTER_SYMBOL' is not valid.
ERROR - C:\Users\Brian\Box Sync\SeniorDesign\CAD\Current Senior Design CAD\drw_opts.dtl, linenum 64: Invalid value 'DEFAULT' for keyword 'DIM_FRACTION_FORMAT'.
ERROR - C:\Users\Brian\Box Sync\SeniorDesign\CAD\Current Senior Design CAD\drw_opts.dtl, linenum 65:  Keyword 'DIM_LEADER_LENGTH' is not valid.
ERROR - C:\Users\Brian\Box Sync\SeniorDesign\CAD\Current Senior Design CAD\drw_opts.dtl, linenum 66:  Keyword 'DIM_TEXT_GAP' is not valid.
ERROR - C:\Users\Brian\Box Sync\SeniorDesign\CAD\Current Senior Design CAD\drw_opts.dtl, linenum 67:  Keyword 'DIM_TRAIL_ZERO_MAX_PLACES' is not valid.
ERROR - C:\Users\Brian\Box Sync\SeniorDesign\CAD\Current Senior Design CAD\drw_opts.dtl, linenum 68:  Keyword 'DRAFT_SCALE' is not valid.
ERROR - C:\Users\Brian\Box Sync\SeniorDesign\CAD\Current Senior Design CAD\drw_opts.dtl, linenum 69:  Keyword 'DRAW_ANG_UNITS' is not valid.
ERROR - C:\Users\Brian\Box Sync\SeniorDesign\CAD\Current Senior Design CAD\drw_opts.dtl, linenum 70:  Keyword 'DRAW_ANG_UNIT_TRAIL_ZEROS' is not valid.
ERROR - C:\Users\Brian\Box Sync\SeniorDesign\CAD\Current Senior Design CAD\drw_opts.dtl, linenum 71:  Keyword 'DUAL_DIGITS_DIFF' is not valid.
ERROR - C:\Users\Brian\Box Sync\SeniorDesign\CAD\Current Senior Design CAD\drw_opts.dtl, linenum 72:  Keyword 'DUAL_DIMENSIONING' is not valid.
ERROR - C:\Users\Brian\Box Sync\SeniorDesign\CAD\Current Senior Design CAD\drw_opts.dtl, linenum 73:  Keyword 'DUAL_DIMENSION_BRACKETS' is not valid.
ERROR - C:\Users\Brian\Box Sync\SeniorDesign\CAD\Current Senior Design CAD\drw_opts.dtl, linenum 74:  Keyword 'DUAL_METRIC_DIM_SHOW_FRACTIONS' is not valid.
ERROR - C:\Users\Brian\Box Sync\SeniorDesign\CAD\Current Senior Design CAD\drw_opts.dtl, linenum 75:  Keyword 'DUAL_SECONDARY_UNITS' is not valid.
ERROR - C:\Users\Brian\Box Sync\SeniorDesign\CAD\Current Senior Design CAD\drw_opts.dtl, linenum 76:  Keyword 'ISO_ORDINATE_DELTA' is not valid.
ERROR - C:\Users\Brian\Box Sync\SeniorDesign\CAD\Current Senior Design CAD\drw_opts.dtl, linenum 77:  Keyword 'LEAD_TRAIL_ZEROS' is not valid.
ERROR - C:\Users\Brian\Box Sync\SeniorDesign\CAD\Current Senior Design CAD\drw_opts.dtl, linenum 78:  Keyword 'LEAD_TRAIL_ZEROS_SCOPE' is not valid.
ERROR - C:\Users\Brian\Box Sync\SeniorDesign\CAD\Current Senior Design CAD\drw_opts.dtl, linenum 79:  Keyword 'ORDDIM_TEXT_ORIENTATION' is not valid.
ERROR - C:\Users\Brian\Box Sync\SeniorDesign\CAD\Current Senior Design CAD\drw_opts.dtl, linenum 80:  Keyword 'ORD_DIM_STANDARD' is not valid.
ERROR - C:\Users\Brian\Box Sync\SeniorDesign\CAD\Current Senior Design CAD\drw_opts.dtl, linenum 81:  Keyword 'PARALLEL_DIM_PLACEMENT' is not valid.
ERROR - C:\Users\Brian\Box Sync\SeniorDesign\CAD\Current Senior Design CAD\drw_opts.dtl, linenum 82:  Keyword 'RADIAL_DIMENSION_DISPLAY' is not valid.
ERROR - C:\Users\Brian\Box Sync\SeniorDesign\CAD\Current Senior Design CAD\drw_opts.dtl, linenum 84:  Keyword 'TEXT_ORIENTATION' is not valid.
ERROR - C:\Users\Brian\Box Sync\SeniorDesign\CAD\Current Senior Design CAD\drw_opts.dtl, linenum 86:  Keyword 'WITNESS_LINE_DELTA' is not valid.
ERROR - C:\Users\Brian\Box Sync\SeniorDesign\CAD\Current Senior Design CAD\drw_opts.dtl, linenum 87:  Keyword 'WITNESS_LINE_INTERSECTION' is not valid.
ERROR - C:\Users\Brian\Box Sync\SeniorDesign\CAD\Current Senior Design CAD\drw_opts.dtl, linenum 88:  Keyword 'WITNESS_LINE_OFFSET' is not valid.
ERROR - C:\Users\Brian\Box Sync\SeniorDesign\CAD\Current Senior Design CAD\drw_opts.dtl, linenum 89:  Keyword 'DEFAULT_CLEAN_DIM_OFFSET' is not valid.
ERROR - C:\Users\Brian\Box Sync\SeniorDesign\CAD\Current Senior Design CAD\drw_opts.dtl, linenum 90:  Keyword 'DEFAULT_CLEAN_DIM_INCREMENT' is not valid.
ERROR - C:\Users\Brian\Box Sync\SeniorDesign\CAD\Current Senior Design CAD\drw_opts.dtl, linenum 92:  Keyword 'DIM_DOT_BOX_STYLE' is not valid.
ERROR - C:\Users\Brian\Box Sync\SeniorDesign\CAD\Current Senior Design CAD\drw_opts.dtl, linenum 93:  Keyword 'DRAW_ARROW_LENGTH' is not valid.
ERROR - C:\Users\Brian\Box Sync\SeniorDesign\CAD\Current Senior Design CAD\drw_opts.dtl, linenum 94:  Keyword 'DRAW_ARROW_STYLE' is not valid.
ERROR - C:\Users\Brian\Box Sync\SeniorDesign\CAD\Current Senior Design CAD\drw_opts.dtl, linenum 95:  Keyword 'DRAW_ARROW_WIDTH' is not valid.
ERROR - C:\Users\Brian\Box Sync\SeniorDesign\CAD\Current Senior Design CAD\drw_opts.dtl, linenum 96:  Keyword 'DRAW_ATTACH_SYM_HEIGHT' is not valid.
ERROR - C:\Users\Brian\Box Sync\SeniorDesign\CAD\Current Senior Design CAD\drw_opts.dtl, linenum 97:  Keyword 'DRAW_ATTACH_SYM_WIDTH' is not valid.
ERROR - C:\Users\Brian\Box Sync\SeniorDesign\CAD\Current Senior Design CAD\drw_opts.dtl, linenum 98:  Keyword 'DRAW_DOT_DIAMETER' is not valid.
ERROR - C:\Users\Brian\Box Sync\SeniorDesign\CAD\Current Senior Design CAD\drw_opts.dtl, linenum 99:  Keyword 'LEADER_ELBOW_LENGTH' is not valid.
ERROR - C:\Users\Brian\Box Sync\SeniorDesign\CAD\Current Senior Design CAD\drw_opts.dtl, linenum 100:  Keyword 'LEADER_EXTENSION_FONT' is not valid.
ERROR - C:\Users\Brian\Box Sync\SeniorDesign\CAD\Current Senior Design CAD\drw_opts.dtl, linenum 101:  Keyword 'SET_DATUM_LEADER_LENGTH' is not valid.
ERROR - C:\Users\Brian\Box Sync\SeniorDesign\CAD\Current Senior Design CAD\drw_opts.dtl, linenum 102:  Keyword 'AXIS_INTERIOR_CLIPPING' is not valid.
ERROR - C:\Users\Brian\Box Sync\SeniorDesign\CAD\Current Senior Design CAD\drw_opts.dtl, linenum 103:  Keyword 'AXIS_LINE_OFFSET' is not valid.
ERROR - C:\Users\Brian\Box Sync\SeniorDesign\CAD\Current Senior Design CAD\drw_opts.dtl, linenum 104:  Keyword 'CIRCLE_AXIS_OFFSET' is not valid.
ERROR - C:\Users\Brian\Box Sync\SeniorDesign\CAD\Current Senior Design CAD\drw_opts.dtl, linenum 105:  Keyword 'RADIAL_PATTERN_AXIS_CIRCLE' is not valid.
ERROR - C:\Users\Brian\Box Sync\SeniorDesign\CAD\Current Senior Design CAD\drw_opts.dtl, linenum 106:  Keyword 'ASME_DTM_ON_DIA_DIM_GTOL' is not valid.
ERROR - C:\Users\Brian\Box Sync\SeniorDesign\CAD\Current Senior Design CAD\drw_opts.dtl, linenum 107:  Keyword 'GTOL_DATUM_PLACEMENT_DEFAULT' is not valid.
ERROR - C:\Users\Brian\Box Sync\SeniorDesign\CAD\Current Senior Design CAD\drw_opts.dtl, linenum 108:  Keyword 'GTOL_DATUMS' is not valid.
ERROR - C:\Users\Brian\Box Sync\SeniorDesign\CAD\Current Senior Design CAD\drw_opts.dtl, linenum 110:  Keyword 'GTOL_DISPLAY_STYLE' is not valid.
ERROR - C:\Users\Brian\Box Sync\SeniorDesign\CAD\Current Senior Design CAD\drw_opts.dtl, linenum 111:  Keyword 'GTOL_LEAD_TRAIL_ZEROS' is not valid.
ERROR - C:\Users\Brian\Box Sync\SeniorDesign\CAD\Current Senior Design CAD\drw_opts.dtl, linenum 112:  Keyword 'NEW_ISO_SET_DATUMS' is not valid.
ERROR - C:\Users\Brian\Box Sync\SeniorDesign\CAD\Current Senior Design CAD\drw_opts.dtl, linenum 113:  Keyword 'SET_DATUM_TRIANGLE_DISPLAY' is not valid.
ERROR - C:\Users\Brian\Box Sync\SeniorDesign\CAD\Current Senior Design CAD\drw_opts.dtl, linenum 114:  Keyword 'STACKED_GTOL_ALIGN' is not valid.
ERROR - C:\Users\Brian\Box Sync\SeniorDesign\CAD\Current Senior Design CAD\drw_opts.dtl, linenum 115:  Keyword '2D_REGION_COLUMNS_FIT_TEXT' is not valid.
ERROR - C:\Users\Brian\Box Sync\SeniorDesign\CAD\Current Senior Design CAD\drw_opts.dtl, linenum 116:  Keyword 'DASH_SUPP_DIMS_IN_REGION' is not valid.
ERROR - C:\Users\Brian\Box Sync\SeniorDesign\CAD\Current Senior Design CAD\drw_opts.dtl, linenum 117:  Keyword 'DEF_BOM_BALLOONS_ATTACHMENT' is not valid.
ERROR - C:\Users\Brian\Box Sync\SeniorDesign\CAD\Current Senior Design CAD\drw_opts.dtl, linenum 118:  Keyword 'DEF_BOM_BALLOONS_SNAP_LINES' is not valid.
ERROR - C:\Users\Brian\Box Sync\SeniorDesign\CAD\Current Senior Design CAD\drw_opts.dtl, linenum 119:  Keyword 'DEF_BOM_BALLOONS_STAGGER' is not valid.
ERROR - C:\Users\Brian\Box Sync\SeniorDesign\CAD\Current Senior Design CAD\drw_opts.dtl, linenum 120:  Keyword 'DEF_BOM_BALLOONS_STAGGER_VALUE' is not valid.
ERROR - C:\Users\Brian\Box Sync\SeniorDesign\CAD\Current Senior Design CAD\drw_opts.dtl, linenum 121:  Keyword 'DEF_BOM_BALLOONS_VIEW_OFFSET' is not valid.
ERROR - C:\Users\Brian\Box Sync\SeniorDesign\CAD\Current Senior Design CAD\drw_opts.dtl, linenum 122:  Keyword 'DEF_BOM_BALLOONS_EDGE_ATT_SYM' is not valid.
ERROR - C:\Users\Brian\Box Sync\SeniorDesign\CAD\Current Senior Design CAD\drw_opts.dtl, linenum 123:  Keyword 'DEF_BOM_BALLOONS_SURF_ATT_SYM' is not valid.
ERROR - C:\Users\Brian\Box Sync\SeniorDesign\CAD\Current Senior Design CAD\drw_opts.dtl, linenum 124:  Keyword 'MIN_DIST_BETWEEN_BOM_BALLOONS' is not valid.
ERROR - C:\Users\Brian\Box Sync\SeniorDesign\CAD\Current Senior Design CAD\drw_opts.dtl, linenum 125:  Keyword 'MODEL_DIGITS_IN_REGION' is not valid.
ERROR - C:\Users\Brian\Box Sync\SeniorDesign\CAD\Current Senior Design CAD\drw_opts.dtl, linenum 126:  Keyword 'REFERENCE_BOM_BALLOON_TEXT' is not valid.
ERROR - C:\Users\Brian\Box Sync\SeniorDesign\CAD\Current Senior Design CAD\drw_opts.dtl, linenum 127:  Keyword 'SHOW_CBL_TERM_IN_REGION' is not valid.
ERROR - C:\Users\Brian\Box Sync\SeniorDesign\CAD\Current Senior Design CAD\drw_opts.dtl, linenum 128:  Keyword 'SHOW_DIM_SIGN_IN_TABLES' is not valid.
ERROR - C:\Users\Brian\Box Sync\SeniorDesign\CAD\Current Senior Design CAD\drw_opts.dtl, linenum 129:  Keyword 'SORT_METHOD_IN_REGION' is not valid.
ERROR - C:\Users\Brian\Box Sync\SeniorDesign\CAD\Current Senior Design CAD\drw_opts.dtl, linenum 130:  Keyword 'ZERO_QUANTITY_CELL_FORMAT' is not valid.
ERROR - C:\Users\Brian\Box Sync\SeniorDesign\CAD\Current Senior Design CAD\drw_opts.dtl, linenum 131:  Keyword 'DRAW_LAYER_OVERRIDES_MODEL' is not valid.
ERROR - C:\Users\Brian\Box Sync\SeniorDesign\CAD\Current Senior Design CAD\drw_opts.dtl, linenum 132:  Keyword 'IGNORE_MODEL_LAYER_STATUS' is not valid.
ERROR - C:\Users\Brian\Box Sync\SeniorDesign\CAD\Current Senior Design CAD\drw_opts.dtl, linenum 134:  Keyword 'MODEL_GRID_BALLOON_SIZE' is not valid.
ERROR - C:\Users\Brian\Box Sync\SeniorDesign\CAD\Current Senior Design CAD\drw_opts.dtl, linenum 136:  Keyword 'MODEL_GRID_NUM_DIG_DISPLAY' is not valid.
ERROR - C:\Users\Brian\Box Sync\SeniorDesign\CAD\Current Senior Design CAD\drw_opts.dtl, linenum 137:  Keyword 'MODEL_GRID_OFFSET' is not valid.
ERROR - C:\Users\Brian\Box Sync\SeniorDesign\CAD\Current Senior Design CAD\drw_opts.dtl, linenum 138:  Keyword 'MODEL_GRID_TEXT_ORIENTATION' is not valid.
ERROR - C:\Users\Brian\Box Sync\SeniorDesign\CAD\Current Senior Design CAD\drw_opts.dtl, linenum 139:  Keyword 'MODEL_GRID_TEXT_POSITION' is not valid.
ERROR - C:\Users\Brian\Box Sync\SeniorDesign\CAD\Current Senior Design CAD\drw_opts.dtl, linenum 140:  Keyword 'PIPE_PT_LINE_STYLE' is not valid.
ERROR - C:\Users\Brian\Box Sync\SeniorDesign\CAD\Current Senior Design CAD\drw_opts.dtl, linenum 141:  Keyword 'PIPE_PT_SHAPE' is not valid.
ERROR - C:\Users\Brian\Box Sync\SeniorDesign\CAD\Current Senior Design CAD\drw_opts.dtl, linenum 142:  Keyword 'PIPE_PT_SIZE' is not valid.
ERROR - C:\Users\Brian\Box Sync\SeniorDesign\CAD\Current Senior Design CAD\drw_opts.dtl, linenum 143:  Keyword 'SHOW_PIPE_THEOR_CL_PTS' is not valid.
ERROR - C:\Users\Brian\Box Sync\SeniorDesign\CAD\Current Senior Design CAD\drw_opts.dtl, linenum 144:  Keyword 'BLANK_ZERO_TOLERANCE' is not valid.
ERROR - C:\Users\Brian\Box Sync\SeniorDesign\CAD\Current Senior Design CAD\drw_opts.dtl, linenum 145:  Keyword 'DIM_TOL_LEAD_TRAIL_ZEROS' is not valid.
ERROR - C:\Users\Brian\Box Sync\SeniorDesign\CAD\Current Senior Design CAD\drw_opts.dtl, linenum 146:  Keyword 'DIM_TOL_TRAIL_ZERO_MAX_PLACES' is not valid.
ERROR - C:\Users\Brian\Box Sync\SeniorDesign\CAD\Current Senior Design CAD\drw_opts.dtl, linenum 148:  Keyword 'SYMMETRIC_TOL_DISPLAY_STANDARD' is not valid.
ERROR - C:\Users\Brian\Box Sync\SeniorDesign\CAD\Current Senior Design CAD\drw_opts.dtl, linenum 150:  Keyword 'TOL_TEXT_HEIGHT_FACTOR' is not valid.
ERROR - C:\Users\Brian\Box Sync\SeniorDesign\CAD\Current Senior Design CAD\drw_opts.dtl, linenum 151:  Keyword 'TOL_TEXT_WIDTH_FACTOR' is not valid.
ERROR - C:\Users\Brian\Box Sync\SeniorDesign\CAD\Current Senior Design CAD\drw_opts.dtl, linenum 152:  Keyword 'DECIMAL_MARKER' is not valid.
ERROR - C:\Users\Brian\Box Sync\SeniorDesign\CAD\Current Senior Design CAD\drw_opts.dtl, linenum 153:  Keyword 'DEFAULT_PIPE_BEND_NOTE' is not valid.
ERROR - C:\Users\Brian\Box Sync\SeniorDesign\CAD\Current Senior Design CAD\drw_opts.dtl, linenum 154:  Keyword 'DRAWING_UNITS' is not valid.
ERROR - C:\Users\Brian\Box Sync\SeniorDesign\CAD\Current Senior Design CAD\drw_opts.dtl, linenum 156:  Keyword 'LINE_STYLE_STANDARD' is not valid.
ERROR - C:\Users\Brian\Box Sync\SeniorDesign\CAD\Current Senior Design CAD\drw_opts.dtl, linenum 157:  Keyword 'MAX_BALLOON_RADIUS' is not valid.
ERROR - C:\Users\Brian\Box Sync\SeniorDesign\CAD\Current Senior Design CAD\drw_opts.dtl, linenum 158:  Keyword 'MIN_BALLOON_RADIUS' is not valid.
ERROR - C:\Users\Brian\Box Sync\SeniorDesign\CAD\Current Senior Design CAD\drw_opts.dtl, linenum 159:  Keyword 'NODE_RADIUS' is not valid.
ERROR - C:\Users\Brian\Box Sync\SeniorDesign\CAD\Current Senior Design CAD\drw_opts.dtl, linenum 160:  Keyword 'POS_LOC_FORMAT' is not valid.
ERROR - C:\Users\Brian\Box Sync\SeniorDesign\CAD\Current Senior Design CAD\drw_opts.dtl, linenum 161:  Keyword 'SYM_FLIP_ROTATED_TEXT' is not valid.
ERROR - C:\Users\Brian\Box Sync\SeniorDesign\CAD\Current Senior Design CAD\drw_opts.dtl, linenum 162:  Keyword 'WELD_SYMBOL_STANDARD' is not valid.
ERROR - C:\Users\Brian\Box Sync\SeniorDesign\CAD\Current Senior Design CAD\drw_opts.dtl, linenum 163:  Keyword 'WELD_SPOT_SIDE_SIGNIFICANT' is not valid.
ERROR - C:\Users\Brian\Box Sync\SeniorDesign\CAD\Current Senior Design CAD\drw_opts.dtl, linenum 164:  Keyword 'YES_NO_PARAMETER_DISPLAY' is not valid.
